This file contains any messages produced by compilers while
running configure, to aid debugging if configure makes a mistake.

It was created by sqlite configure 3.31.1, which was
generated by GNU Autoconf 2.69.  Invocation command line was

  $ ./configure CC=aarch64-linux-gnu-gcc --prefix=/opt/cross-env/sqlite3 --host=aarch64-linux --build=aarch64-arm-linux-gnu

## --------- ##
## Platform. ##
## --------- ##

hostname = e70750b74bb3
uname -m = x86_64
uname -r = 4.19.76-linuxkit
uname -s = Linux
uname -v = #1 SMP Thu Oct 17 19:31:58 UTC 2019

/usr/bin/uname -p = unknown
/bin/uname -X     = unknown

/bin/arch              = unknown
/usr/bin/arch -k       = unknown
/usr/convex/getsysinfo = unknown
/usr/bin/hostinfo      = unknown
/bin/machine           = unknown
/usr/bin/oslevel       = unknown
/bin/universe          = unknown

PATH: /opt/FriendlyARM/toolchain/6.4-aarch64/bin
PATH: /usr/local/sbin
PATH: /usr/local/bin
PATH: /usr/sbin
PATH: /usr/bin
PATH: /sbin
PATH: /bin


## ----------- ##
## Core tests. ##
## ----------- ##

configure:2351: checking for a BSD-compatible install
configure:2419: result: /usr/bin/install -c
configure:2430: checking whether build environment is sane
configure:2485: result: yes
configure:2544: checking for aarch64-linux-strip
configure:2560: found /opt/FriendlyARM/toolchain/6.4-aarch64/bin/aarch64-linux-strip
configure:2571: result: aarch64-linux-strip
configure:2636: checking for a thread-safe mkdir -p
configure:2675: result: /bin/mkdir -p
configure:2682: checking for gawk
configure:2712: result: no
configure:2682: checking for mawk
configure:2698: found /usr/bin/mawk
configure:2709: result: mawk
configure:2720: checking whether make sets $(MAKE)
configure:2746: result: no
configure:2771: checking whether make supports nested variables
configure:2788: result: no
configure:2927: checking for style of include used by make
configure:2955: result: none
configure:2986: checking for aarch64-linux-gcc
configure:3013: result: aarch64-linux-gnu-gcc
configure:3282: checking for C compiler version
configure:3291: aarch64-linux-gnu-gcc --version >&5
aarch64-linux-gnu-gcc (ctng-1.23.0-150g-FA) 6.4.0
Copyright (C) 2017 Free Software Foundation, Inc.
This is free software; see the source for copying conditions.  There is NO
warranty; not even for MERCHANTABILITY or FITNESS FOR A PARTICULAR PURPOSE.

configure:3302: $? = 0
configure:3291: aarch64-linux-gnu-gcc -v >&5
Using built-in specs.
COLLECT_GCC=aarch64-linux-gnu-gcc
COLLECT_LTO_WRAPPER=/opt/FriendlyARM/toolchain/6.4-aarch64/libexec/gcc/aarch64-cortexa53-linux-gnu/6.4.0/lto-wrapper
Target: aarch64-cortexa53-linux-gnu
Configured with: /work/toolchain/build/aarch64-cortexa53-linux-gnu/build/src/gcc/configure --build=x86_64-build_pc-linux-gnu --host=x86_64-build_pc-linux-gnu --target=aarch64-cortexa53-linux-gnu --prefix=/opt/FriendlyARM/toolchain/6.4-aarch64 --with-sysroot=/opt/FriendlyARM/toolchain/6.4-aarch64/aarch64-cortexa53-linux-gnu/sysroot --enable-languages=c,c++ --enable-fix-cortex-a53-835769 --enable-fix-cortex-a53-843419 --with-cpu=cortex-a53 --with-pkgversion=ctng-1.23.0-150g-FA --with-bugurl=http://www.friendlyarm.com/ --enable-objc-gc --enable-__cxa_atexit --disable-libmudflap --disable-libgomp --disable-libssp --disable-libquadmath --disable-libquadmath-support --disable-libsanitizer --disable-libmpx --with-gmp=/work/toolchain/build/aarch64-cortexa53-linux-gnu/buildtools --with-mpfr=/work/toolchain/build/aarch64-cortexa53-linux-gnu/buildtools --with-mpc=/work/toolchain/build/aarch64-cortexa53-linux-gnu/buildtools --with-isl=/work/toolchain/build/aarch64-cortexa53-linux-gnu/buildtools --enable-lto --with-host-libstdcxx='-static-libgcc -Wl,-Bstatic,-lstdc++,-Bdynamic -lm' --enable-threads=posix --enable-target-optspace --disable-libstdcxx-pch --enable-clocale=gnu --enable-libstdcxx-debug --enable-libstdcxx-time=yes --enable-gnu-indirect-function --enable-gnu-unique-object --enable-linker-build-id --with-linker-hash-style=gnu --enable-plugin --enable-gold --with-libintl-prefix=/work/toolchain/build/aarch64-cortexa53-linux-gnu/buildtools --disable-multilib --with-local-prefix=/opt/FriendlyARM/toolchain/6.4-aarch64/aarch64-cortexa53-linux-gnu/sysroot --enable-long-long --enable-checking=release
Thread model: posix
gcc version 6.4.0 (ctng-1.23.0-150g-FA) 
configure:3302: $? = 0
configure:3291: aarch64-linux-gnu-gcc -V >&5
aarch64-linux-gnu-gcc: error: unrecognized command line option '-V'
aarch64-linux-gnu-gcc: fatal error: no input files
compilation terminated.
configure:3302: $? = 1
configure:3291: aarch64-linux-gnu-gcc -qversion >&5
aarch64-linux-gnu-gcc: error: unrecognized command line option '-qversion'; did you mean '--version'?
aarch64-linux-gnu-gcc: fatal error: no input files
compilation terminated.
configure:3302: $? = 1
configure:3322: checking whether the C compiler works
configure:3344: aarch64-linux-gnu-gcc    conftest.c  >&5
configure:3348: $? = 0
configure:3396: result: yes
configure:3399: checking for C compiler default output file name
configure:3401: result: a.out
configure:3407: checking for suffix of executables
configure:3414: aarch64-linux-gnu-gcc -o conftest    conftest.c  >&5
configure:3418: $? = 0
configure:3440: result: 
configure:3462: checking whether we are cross compiling
configure:3500: result: yes
configure:3505: checking for suffix of object files
configure:3527: aarch64-linux-gnu-gcc -c   conftest.c >&5
configure:3531: $? = 0
configure:3552: result: o
configure:3556: checking whether we are using the GNU C compiler
configure:3575: aarch64-linux-gnu-gcc -c   conftest.c >&5
configure:3575: $? = 0
configure:3584: result: yes
configure:3593: checking whether aarch64-linux-gnu-gcc accepts -g
configure:3613: aarch64-linux-gnu-gcc -c -g  conftest.c >&5
configure:3613: $? = 0
configure:3654: result: yes
configure:3671: checking for aarch64-linux-gnu-gcc option to accept ISO C89
configure:3734: aarch64-linux-gnu-gcc  -c -g -O2  conftest.c >&5
configure:3734: $? = 0
configure:3747: result: none needed
configure:3772: checking whether aarch64-linux-gnu-gcc understands -c and -o together
configure:3794: aarch64-linux-gnu-gcc -c conftest.c -o conftest2.o
configure:3797: $? = 0
configure:3794: aarch64-linux-gnu-gcc -c conftest.c -o conftest2.o
configure:3797: $? = 0
configure:3809: result: yes
configure:3828: checking dependency style of aarch64-linux-gnu-gcc
configure:3939: result: none
configure:3962: checking for special C compiler options needed for large files
configure:4007: result: no
configure:4013: checking for _FILE_OFFSET_BITS value needed for large files
configure:4038: aarch64-linux-gnu-gcc -c -g -O2  conftest.c >&5
configure:4038: $? = 0
configure:4070: result: no
configure:4165: checking for aarch64-linux-gcc
configure:4192: result: aarch64-linux-gnu-gcc
configure:4461: checking for C compiler version
configure:4470: aarch64-linux-gnu-gcc --version >&5
aarch64-linux-gnu-gcc (ctng-1.23.0-150g-FA) 6.4.0
Copyright (C) 2017 Free Software Foundation, Inc.
This is free software; see the source for copying conditions.  There is NO
warranty; not even for MERCHANTABILITY or FITNESS FOR A PARTICULAR PURPOSE.

configure:4481: $? = 0
configure:4470: aarch64-linux-gnu-gcc -v >&5
Using built-in specs.
COLLECT_GCC=aarch64-linux-gnu-gcc
COLLECT_LTO_WRAPPER=/opt/FriendlyARM/toolchain/6.4-aarch64/libexec/gcc/aarch64-cortexa53-linux-gnu/6.4.0/lto-wrapper
Target: aarch64-cortexa53-linux-gnu
Configured with: /work/toolchain/build/aarch64-cortexa53-linux-gnu/build/src/gcc/configure --build=x86_64-build_pc-linux-gnu --host=x86_64-build_pc-linux-gnu --target=aarch64-cortexa53-linux-gnu --prefix=/opt/FriendlyARM/toolchain/6.4-aarch64 --with-sysroot=/opt/FriendlyARM/toolchain/6.4-aarch64/aarch64-cortexa53-linux-gnu/sysroot --enable-languages=c,c++ --enable-fix-cortex-a53-835769 --enable-fix-cortex-a53-843419 --with-cpu=cortex-a53 --with-pkgversion=ctng-1.23.0-150g-FA --with-bugurl=http://www.friendlyarm.com/ --enable-objc-gc --enable-__cxa_atexit --disable-libmudflap --disable-libgomp --disable-libssp --disable-libquadmath --disable-libquadmath-support --disable-libsanitizer --disable-libmpx --with-gmp=/work/toolchain/build/aarch64-cortexa53-linux-gnu/buildtools --with-mpfr=/work/toolchain/build/aarch64-cortexa53-linux-gnu/buildtools --with-mpc=/work/toolchain/build/aarch64-cortexa53-linux-gnu/buildtools --with-isl=/work/toolchain/build/aarch64-cortexa53-linux-gnu/buildtools --enable-lto --with-host-libstdcxx='-static-libgcc -Wl,-Bstatic,-lstdc++,-Bdynamic -lm' --enable-threads=posix --enable-target-optspace --disable-libstdcxx-pch --enable-clocale=gnu --enable-libstdcxx-debug --enable-libstdcxx-time=yes --enable-gnu-indirect-function --enable-gnu-unique-object --enable-linker-build-id --with-linker-hash-style=gnu --enable-plugin --enable-gold --with-libintl-prefix=/work/toolchain/build/aarch64-cortexa53-linux-gnu/buildtools --disable-multilib --with-local-prefix=/opt/FriendlyARM/toolchain/6.4-aarch64/aarch64-cortexa53-linux-gnu/sysroot --enable-long-long --enable-checking=release
Thread model: posix
gcc version 6.4.0 (ctng-1.23.0-150g-FA) 
configure:4481: $? = 0
configure:4470: aarch64-linux-gnu-gcc -V >&5
aarch64-linux-gnu-gcc: error: unrecognized command line option '-V'
aarch64-linux-gnu-gcc: fatal error: no input files
compilation terminated.
configure:4481: $? = 1
configure:4470: aarch64-linux-gnu-gcc -qversion >&5
aarch64-linux-gnu-gcc: error: unrecognized command line option '-qversion'; did you mean '--version'?
aarch64-linux-gnu-gcc: fatal error: no input files
compilation terminated.
configure:4481: $? = 1
configure:4485: checking whether we are using the GNU C compiler
configure:4513: result: yes
configure:4522: checking whether aarch64-linux-gnu-gcc accepts -g
configure:4583: result: yes
configure:4600: checking for aarch64-linux-gnu-gcc option to accept ISO C89
configure:4676: result: none needed
configure:4701: checking whether aarch64-linux-gnu-gcc understands -c and -o together
configure:4738: result: yes
configure:4757: checking dependency style of aarch64-linux-gnu-gcc
configure:4868: result: none
configure:4912: checking build system type
configure:4926: result: aarch64-arm-linux-gnu
configure:4946: checking host system type
configure:4959: result: aarch64-unknown-linux-gnu
configure:5000: checking how to print strings
configure:5027: result: printf
configure:5048: checking for a sed that does not truncate output
configure:5112: result: /bin/sed
configure:5130: checking for grep that handles long lines and -e
configure:5188: result: /bin/grep
configure:5193: checking for egrep
configure:5255: result: /bin/grep -E
configure:5260: checking for fgrep
configure:5322: result: /bin/grep -F
configure:5357: checking for ld used by aarch64-linux-gnu-gcc
configure:5424: result: /opt/FriendlyARM/toolchain/6.4-aarch64/aarch64-cortexa53-linux-gnu/bin/ld
configure:5431: checking if the linker (/opt/FriendlyARM/toolchain/6.4-aarch64/aarch64-cortexa53-linux-gnu/bin/ld) is GNU ld
configure:5446: result: yes
configure:5458: checking for BSD- or MS-compatible name lister (nm)
configure:5512: result: /opt/FriendlyARM/toolchain/6.4-aarch64/bin/aarch64-linux-nm -B
configure:5642: checking the name lister (/opt/FriendlyARM/toolchain/6.4-aarch64/bin/aarch64-linux-nm -B) interface
configure:5649: aarch64-linux-gnu-gcc -c -g -O2  conftest.c >&5
configure:5652: /opt/FriendlyARM/toolchain/6.4-aarch64/bin/aarch64-linux-nm -B "conftest.o"
configure:5655: output
0000000000000000 B some_variable
configure:5662: result: BSD nm
configure:5665: checking whether ln -s works
configure:5669: result: yes
configure:5677: checking the maximum length of command line arguments
configure:5808: result: 1572864
configure:5856: checking how to convert aarch64-arm-linux-gnu file names to aarch64-unknown-linux-gnu format
configure:5896: result: func_convert_file_noop
configure:5903: checking how to convert aarch64-arm-linux-gnu file names to toolchain format
configure:5923: result: func_convert_file_noop
configure:5930: checking for /opt/FriendlyARM/toolchain/6.4-aarch64/aarch64-cortexa53-linux-gnu/bin/ld option to reload object files
configure:5937: result: -r
configure:5971: checking for aarch64-linux-objdump
configure:5987: found /opt/FriendlyARM/toolchain/6.4-aarch64/bin/aarch64-linux-objdump
configure:5998: result: aarch64-linux-objdump
configure:6070: checking how to recognize dependent libraries
configure:6270: result: pass_all
configure:6315: checking for aarch64-linux-dlltool
configure:6345: result: no
configure:6355: checking for dlltool
configure:6385: result: no
configure:6415: checking how to associate runtime and link libraries
configure:6442: result: printf %s\n
configure:6458: checking for aarch64-linux-ar
configure:6474: found /opt/FriendlyARM/toolchain/6.4-aarch64/bin/aarch64-linux-ar
configure:6485: result: aarch64-linux-ar
configure:6566: checking for archiver @FILE support
configure:6583: aarch64-linux-gnu-gcc -c -g -O2  conftest.c >&5
configure:6583: $? = 0
configure:6586: aarch64-linux-ar cru libconftest.a @conftest.lst >&5
configure:6589: $? = 0
configure:6594: aarch64-linux-ar cru libconftest.a @conftest.lst >&5
aarch64-linux-ar: conftest.o: No such file or directory
configure:6597: $? = 1
configure:6609: result: @
configure:6627: checking for aarch64-linux-strip
configure:6654: result: aarch64-linux-strip
configure:6726: checking for aarch64-linux-ranlib
configure:6742: found /opt/FriendlyARM/toolchain/6.4-aarch64/bin/aarch64-linux-ranlib
configure:6753: result: aarch64-linux-ranlib
configure:6895: checking command to parse /opt/FriendlyARM/toolchain/6.4-aarch64/bin/aarch64-linux-nm -B output from aarch64-linux-gnu-gcc object
configure:7048: aarch64-linux-gnu-gcc -c -g -O2  conftest.c >&5
configure:7051: $? = 0
configure:7055: /opt/FriendlyARM/toolchain/6.4-aarch64/bin/aarch64-linux-nm -B conftest.o \| sed -n -e 's/^.*[ ]\([ABCDGIRSTW][ABCDGIRSTW]*\)[ ][ ]*\([_A-Za-z][_A-Za-z0-9]*\)$/\1 \2 \2/p' | sed '/ __gnu_lto/d' \> conftest.nm
configure:7058: $? = 0
configure:7124: aarch64-linux-gnu-gcc -o conftest -g -O2   conftest.c conftstm.o >&5
configure:7127: $? = 0
configure:7165: result: ok
configure:7212: checking for sysroot
configure:7242: result: no
configure:7249: checking for a working dd
configure:7287: result: /bin/dd
configure:7291: checking how to truncate binary pipes
configure:7306: result: /bin/dd bs=4096 count=1
configure:7595: checking for aarch64-linux-mt
configure:7625: result: no
configure:7635: checking for mt
configure:7665: result: no
configure:7685: checking if : is a manifest tool
configure:7691: : '-?'
configure:7699: result: no
configure:8376: checking how to run the C preprocessor
configure:8407: aarch64-linux-gnu-gcc -E  conftest.c
configure:8407: $? = 0
configure:8421: aarch64-linux-gnu-gcc -E  conftest.c
conftest.c:11:28: fatal error: ac_nonexistent.h: No such file or directory
 #include <ac_nonexistent.h>
                            ^
compilation terminated.
configure:8421: $? = 1
configure: failed program was:
| /* confdefs.h */
| #define PACKAGE_NAME "sqlite"
| #define PACKAGE_TARNAME "sqlite"
| #define PACKAGE_VERSION "3.31.1"
| #define PACKAGE_STRING "sqlite 3.31.1"
| #define PACKAGE_BUGREPORT "http://www.sqlite.org"
| #define PACKAGE_URL ""
| #define PACKAGE "sqlite"
| #define VERSION "3.31.1"
| /* end confdefs.h.  */
| #include <ac_nonexistent.h>
configure:8446: result: aarch64-linux-gnu-gcc -E
configure:8466: aarch64-linux-gnu-gcc -E  conftest.c
configure:8466: $? = 0
configure:8480: aarch64-linux-gnu-gcc -E  conftest.c
conftest.c:11:28: fatal error: ac_nonexistent.h: No such file or directory
 #include <ac_nonexistent.h>
                            ^
compilation terminated.
configure:8480: $? = 1
configure: failed program was:
| /* confdefs.h */
| #define PACKAGE_NAME "sqlite"
| #define PACKAGE_TARNAME "sqlite"
| #define PACKAGE_VERSION "3.31.1"
| #define PACKAGE_STRING "sqlite 3.31.1"
| #define PACKAGE_BUGREPORT "http://www.sqlite.org"
| #define PACKAGE_URL ""
| #define PACKAGE "sqlite"
| #define VERSION "3.31.1"
| /* end confdefs.h.  */
| #include <ac_nonexistent.h>
configure:8509: checking for ANSI C header files
configure:8529: aarch64-linux-gnu-gcc -c -g -O2  conftest.c >&5
configure:8529: $? = 0
configure:8613: result: yes
configure:8626: checking for sys/types.h
configure:8626: aarch64-linux-gnu-gcc -c -g -O2  conftest.c >&5
configure:8626: $? = 0
configure:8626: result: yes
configure:8626: checking for sys/stat.h
configure:8626: aarch64-linux-gnu-gcc -c -g -O2  conftest.c >&5
configure:8626: $? = 0
configure:8626: result: yes
configure:8626: checking for stdlib.h
configure:8626: aarch64-linux-gnu-gcc -c -g -O2  conftest.c >&5
configure:8626: $? = 0
configure:8626: result: yes
configure:8626: checking for string.h
configure:8626: aarch64-linux-gnu-gcc -c -g -O2  conftest.c >&5
configure:8626: $? = 0
configure:8626: result: yes
configure:8626: checking for memory.h
configure:8626: aarch64-linux-gnu-gcc -c -g -O2  conftest.c >&5
configure:8626: $? = 0
configure:8626: result: yes
configure:8626: checking for strings.h
configure:8626: aarch64-linux-gnu-gcc -c -g -O2  conftest.c >&5
configure:8626: $? = 0
configure:8626: result: yes
configure:8626: checking for inttypes.h
configure:8626: aarch64-linux-gnu-gcc -c -g -O2  conftest.c >&5
configure:8626: $? = 0
configure:8626: result: yes
configure:8626: checking for stdint.h
configure:8626: aarch64-linux-gnu-gcc -c -g -O2  conftest.c >&5
configure:8626: $? = 0
configure:8626: result: yes
configure:8626: checking for unistd.h
configure:8626: aarch64-linux-gnu-gcc -c -g -O2  conftest.c >&5
configure:8626: $? = 0
configure:8626: result: yes
configure:8640: checking for dlfcn.h
configure:8640: aarch64-linux-gnu-gcc -c -g -O2  conftest.c >&5
configure:8640: $? = 0
configure:8640: result: yes
configure:8896: checking for objdir
configure:8911: result: .libs
configure:9171: checking if aarch64-linux-gnu-gcc supports -fno-rtti -fno-exceptions
configure:9189: aarch64-linux-gnu-gcc -c -g -O2  -fno-rtti -fno-exceptions conftest.c >&5
cc1: warning: command line option '-fno-rtti' is valid for C++/ObjC++ but not for C
configure:9193: $? = 0
configure:9206: result: no
configure:9564: checking for aarch64-linux-gnu-gcc option to produce PIC
configure:9571: result: -fPIC -DPIC
configure:9579: checking if aarch64-linux-gnu-gcc PIC flag -fPIC -DPIC works
configure:9597: aarch64-linux-gnu-gcc -c -g -O2  -fPIC -DPIC -DPIC conftest.c >&5
configure:9601: $? = 0
configure:9614: result: yes
configure:9643: checking if aarch64-linux-gnu-gcc static flag -static works
configure:9671: result: yes
configure:9686: checking if aarch64-linux-gnu-gcc supports -c -o file.o
configure:9707: aarch64-linux-gnu-gcc -c -g -O2  -o out/conftest2.o conftest.c >&5
configure:9711: $? = 0
configure:9733: result: yes
configure:9741: checking if aarch64-linux-gnu-gcc supports -c -o file.o
configure:9788: result: yes
configure:9821: checking whether the aarch64-linux-gnu-gcc linker (/opt/FriendlyARM/toolchain/6.4-aarch64/aarch64-cortexa53-linux-gnu/bin/ld) supports shared libraries
configure:11084: result: yes
configure:11121: checking whether -lc should be explicitly linked in
configure:11129: aarch64-linux-gnu-gcc -c -g -O2  conftest.c >&5
configure:11132: $? = 0
configure:11147: aarch64-linux-gnu-gcc -shared  -fPIC -DPIC conftest.o  -v -Wl,-soname -Wl,conftest -o conftest 2\>\&1 \| /bin/grep  -lc  \>/dev/null 2\>\&1
configure:11150: $? = 0
configure:11164: result: no
configure:11324: checking dynamic linker characteristics
configure:11905: aarch64-linux-gnu-gcc -o conftest -g -O2   -Wl,-rpath -Wl,/foo conftest.c  >&5
configure:11905: $? = 0
configure:12154: result: GNU/Linux ld.so
configure:12276: checking how to hardcode library paths into programs
configure:12301: result: immediate
configure:12849: checking whether stripping libraries is possible
configure:12854: result: yes
configure:12889: checking if libtool supports shared libraries
configure:12891: result: yes
configure:12894: checking whether to build shared libraries
configure:12919: result: yes
configure:12922: checking whether to build static libraries
configure:12926: result: yes
configure:12969: checking for fdatasync
configure:12969: aarch64-linux-gnu-gcc -o conftest -g -O2   conftest.c  >&5
configure:12969: $? = 0
configure:12969: result: yes
configure:12969: checking for usleep
configure:12969: aarch64-linux-gnu-gcc -o conftest -g -O2   conftest.c  >&5
configure:12969: $? = 0
configure:12969: result: yes
configure:12969: checking for fullfsync
configure:12969: aarch64-linux-gnu-gcc -o conftest -g -O2   conftest.c  >&5
/tmp/ccUJuhbw.o: In function `main':
/home/src/sqlite-autoconf-3310100/conftest.c:59: undefined reference to `fullfsync'
collect2: error: ld returned 1 exit status
configure:12969: $? = 1
configure: failed program was:
| /* confdefs.h */
| #define PACKAGE_NAME "sqlite"
| #define PACKAGE_TARNAME "sqlite"
| #define PACKAGE_VERSION "3.31.1"
| #define PACKAGE_STRING "sqlite 3.31.1"
| #define PACKAGE_BUGREPORT "http://www.sqlite.org"
| #define PACKAGE_URL ""
| #define PACKAGE "sqlite"
| #define VERSION "3.31.1"
| #define STDC_HEADERS 1
| #define HAVE_SYS_TYPES_H 1
| #define HAVE_SYS_STAT_H 1
| #define HAVE_STDLIB_H 1
| #define HAVE_STRING_H 1
| #define HAVE_MEMORY_H 1
| #define HAVE_STRINGS_H 1
| #define HAVE_INTTYPES_H 1
| #define HAVE_STDINT_H 1
| #define HAVE_UNISTD_H 1
| #define HAVE_DLFCN_H 1
| #define LT_OBJDIR ".libs/"
| #define HAVE_FDATASYNC 1
| #define HAVE_USLEEP 1
| /* end confdefs.h.  */
| /* Define fullfsync to an innocuous variant, in case <limits.h> declares fullfsync.
|    For example, HP-UX 11i <limits.h> declares gettimeofday.  */
| #define fullfsync innocuous_fullfsync
| 
| /* System header to define __stub macros and hopefully few prototypes,
|     which can conflict with char fullfsync (); below.
|     Prefer <limits.h> to <assert.h> if __STDC__ is defined, since
|     <limits.h> exists even on freestanding compilers.  */
| 
| #ifdef __STDC__
| # include <limits.h>
| #else
| # include <assert.h>
| #endif
| 
| #undef fullfsync
| 
| /* Override any GCC internal prototype to avoid an error.
|    Use char because int might match the return type of a GCC
|    builtin and then its argument prototype would still apply.  */
| #ifdef __cplusplus
| extern "C"
| #endif
| char fullfsync ();
| /* The GNU C library defines this for functions which it implements
|     to always fail with ENOSYS.  Some functions are actually named
|     something starting with __ and the normal name is an alias.  */
| #if defined __stub_fullfsync || defined __stub___fullfsync
| choke me
| #endif
| 
| int
| main ()
| {
| return fullfsync ();
|   ;
|   return 0;
| }
configure:12969: result: no
configure:12969: checking for localtime_r
configure:12969: aarch64-linux-gnu-gcc -o conftest -g -O2   conftest.c  >&5
configure:12969: $? = 0
configure:12969: result: yes
configure:12969: checking for gmtime_r
configure:12969: aarch64-linux-gnu-gcc -o conftest -g -O2   conftest.c  >&5
configure:12969: $? = 0
configure:12969: result: yes
configure:12978: checking whether strerror_r is declared
configure:12978: aarch64-linux-gnu-gcc -c -g -O2  conftest.c >&5
configure:12978: $? = 0
configure:12978: result: yes
configure:12991: checking for strerror_r
configure:12991: aarch64-linux-gnu-gcc -o conftest -g -O2   conftest.c  >&5
configure:12991: $? = 0
configure:12991: result: yes
configure:13000: checking whether strerror_r returns char *
configure:13024: aarch64-linux-gnu-gcc -c -g -O2  conftest.c >&5
conftest.c: In function 'main':
conftest.c:67:13: error: invalid type argument of unary '*' (have 'int')
    char x = *strerror_r (0, buf, sizeof buf);
             ^~~~~~~~~~~~~~~~~~~~~~~~~~~~~~~~
conftest.c:68:14: warning: initialization makes pointer from integer without a cast [-Wint-conversion]
    char *p = strerror_r (0, buf, sizeof buf);
              ^~~~~~~~~~
configure:13024: $? = 1
configure: failed program was:
| /* confdefs.h */
| #define PACKAGE_NAME "sqlite"
| #define PACKAGE_TARNAME "sqlite"
| #define PACKAGE_VERSION "3.31.1"
| #define PACKAGE_STRING "sqlite 3.31.1"
| #define PACKAGE_BUGREPORT "http://www.sqlite.org"
| #define PACKAGE_URL ""
| #define PACKAGE "sqlite"
| #define VERSION "3.31.1"
| #define STDC_HEADERS 1
| #define HAVE_SYS_TYPES_H 1
| #define HAVE_SYS_STAT_H 1
| #define HAVE_STDLIB_H 1
| #define HAVE_STRING_H 1
| #define HAVE_MEMORY_H 1
| #define HAVE_STRINGS_H 1
| #define HAVE_INTTYPES_H 1
| #define HAVE_STDINT_H 1
| #define HAVE_UNISTD_H 1
| #define HAVE_DLFCN_H 1
| #define LT_OBJDIR ".libs/"
| #define HAVE_FDATASYNC 1
| #define HAVE_USLEEP 1
| #define HAVE_LOCALTIME_R 1
| #define HAVE_GMTIME_R 1
| #define HAVE_DECL_STRERROR_R 1
| #define HAVE_STRERROR_R 1
| /* end confdefs.h.  */
| #include <stdio.h>
| #ifdef HAVE_SYS_TYPES_H
| # include <sys/types.h>
| #endif
| #ifdef HAVE_SYS_STAT_H
| # include <sys/stat.h>
| #endif
| #ifdef STDC_HEADERS
| # include <stdlib.h>
| # include <stddef.h>
| #else
| # ifdef HAVE_STDLIB_H
| #  include <stdlib.h>
| # endif
| #endif
| #ifdef HAVE_STRING_H
| # if !defined STDC_HEADERS && defined HAVE_MEMORY_H
| #  include <memory.h>
| # endif
| # include <string.h>
| #endif
| #ifdef HAVE_STRINGS_H
| # include <strings.h>
| #endif
| #ifdef HAVE_INTTYPES_H
| # include <inttypes.h>
| #endif
| #ifdef HAVE_STDINT_H
| # include <stdint.h>
| #endif
| #ifdef HAVE_UNISTD_H
| # include <unistd.h>
| #endif
| int
| main ()
| {
| 
| 	  char buf[100];
| 	  char x = *strerror_r (0, buf, sizeof buf);
| 	  char *p = strerror_r (0, buf, sizeof buf);
| 	  return !p || x;
| 
|   ;
|   return 0;
| }
configure:13062: result: no
configure:13107: checking editline/readline.h usability
configure:13107: aarch64-linux-gnu-gcc -c -g -O2  conftest.c >&5
conftest.c:62:31: fatal error: editline/readline.h: No such file or directory
 #include <editline/readline.h>
                               ^
compilation terminated.
configure:13107: $? = 1
configure: failed program was:
| /* confdefs.h */
| #define PACKAGE_NAME "sqlite"
| #define PACKAGE_TARNAME "sqlite"
| #define PACKAGE_VERSION "3.31.1"
| #define PACKAGE_STRING "sqlite 3.31.1"
| #define PACKAGE_BUGREPORT "http://www.sqlite.org"
| #define PACKAGE_URL ""
| #define PACKAGE "sqlite"
| #define VERSION "3.31.1"
| #define STDC_HEADERS 1
| #define HAVE_SYS_TYPES_H 1
| #define HAVE_SYS_STAT_H 1
| #define HAVE_STDLIB_H 1
| #define HAVE_STRING_H 1
| #define HAVE_MEMORY_H 1
| #define HAVE_STRINGS_H 1
| #define HAVE_INTTYPES_H 1
| #define HAVE_STDINT_H 1
| #define HAVE_UNISTD_H 1
| #define HAVE_DLFCN_H 1
| #define LT_OBJDIR ".libs/"
| #define HAVE_FDATASYNC 1
| #define HAVE_USLEEP 1
| #define HAVE_LOCALTIME_R 1
| #define HAVE_GMTIME_R 1
| #define HAVE_DECL_STRERROR_R 1
| #define HAVE_STRERROR_R 1
| /* end confdefs.h.  */
| #include <stdio.h>
| #ifdef HAVE_SYS_TYPES_H
| # include <sys/types.h>
| #endif
| #ifdef HAVE_SYS_STAT_H
| # include <sys/stat.h>
| #endif
| #ifdef STDC_HEADERS
| # include <stdlib.h>
| # include <stddef.h>
| #else
| # ifdef HAVE_STDLIB_H
| #  include <stdlib.h>
| # endif
| #endif
| #ifdef HAVE_STRING_H
| # if !defined STDC_HEADERS && defined HAVE_MEMORY_H
| #  include <memory.h>
| # endif
| # include <string.h>
| #endif
| #ifdef HAVE_STRINGS_H
| # include <strings.h>
| #endif
| #ifdef HAVE_INTTYPES_H
| # include <inttypes.h>
| #endif
| #ifdef HAVE_STDINT_H
| # include <stdint.h>
| #endif
| #ifdef HAVE_UNISTD_H
| # include <unistd.h>
| #endif
| #include <editline/readline.h>
configure:13107: result: no
configure:13107: checking editline/readline.h presence
configure:13107: aarch64-linux-gnu-gcc -E  conftest.c
conftest.c:29:31: fatal error: editline/readline.h: No such file or directory
 #include <editline/readline.h>
                               ^
compilation terminated.
configure:13107: $? = 1
configure: failed program was:
| /* confdefs.h */
| #define PACKAGE_NAME "sqlite"
| #define PACKAGE_TARNAME "sqlite"
| #define PACKAGE_VERSION "3.31.1"
| #define PACKAGE_STRING "sqlite 3.31.1"
| #define PACKAGE_BUGREPORT "http://www.sqlite.org"
| #define PACKAGE_URL ""
| #define PACKAGE "sqlite"
| #define VERSION "3.31.1"
| #define STDC_HEADERS 1
| #define HAVE_SYS_TYPES_H 1
| #define HAVE_SYS_STAT_H 1
| #define HAVE_STDLIB_H 1
| #define HAVE_STRING_H 1
| #define HAVE_MEMORY_H 1
| #define HAVE_STRINGS_H 1
| #define HAVE_INTTYPES_H 1
| #define HAVE_STDINT_H 1
| #define HAVE_UNISTD_H 1
| #define HAVE_DLFCN_H 1
| #define LT_OBJDIR ".libs/"
| #define HAVE_FDATASYNC 1
| #define HAVE_USLEEP 1
| #define HAVE_LOCALTIME_R 1
| #define HAVE_GMTIME_R 1
| #define HAVE_DECL_STRERROR_R 1
| #define HAVE_STRERROR_R 1
| /* end confdefs.h.  */
| #include <editline/readline.h>
configure:13107: result: no
configure:13107: checking for editline/readline.h
configure:13107: result: no
configure:13191: checking readline/readline.h usability
configure:13191: aarch64-linux-gnu-gcc -c -g -O2  conftest.c >&5
conftest.c:62:31: fatal error: readline/readline.h: No such file or directory
 #include <readline/readline.h>
                               ^
compilation terminated.
configure:13191: $? = 1
configure: failed program was:
| /* confdefs.h */
| #define PACKAGE_NAME "sqlite"
| #define PACKAGE_TARNAME "sqlite"
| #define PACKAGE_VERSION "3.31.1"
| #define PACKAGE_STRING "sqlite 3.31.1"
| #define PACKAGE_BUGREPORT "http://www.sqlite.org"
| #define PACKAGE_URL ""
| #define PACKAGE "sqlite"
| #define VERSION "3.31.1"
| #define STDC_HEADERS 1
| #define HAVE_SYS_TYPES_H 1
| #define HAVE_SYS_STAT_H 1
| #define HAVE_STDLIB_H 1
| #define HAVE_STRING_H 1
| #define HAVE_MEMORY_H 1
| #define HAVE_STRINGS_H 1
| #define HAVE_INTTYPES_H 1
| #define HAVE_STDINT_H 1
| #define HAVE_UNISTD_H 1
| #define HAVE_DLFCN_H 1
| #define LT_OBJDIR ".libs/"
| #define HAVE_FDATASYNC 1
| #define HAVE_USLEEP 1
| #define HAVE_LOCALTIME_R 1
| #define HAVE_GMTIME_R 1
| #define HAVE_DECL_STRERROR_R 1
| #define HAVE_STRERROR_R 1
| /* end confdefs.h.  */
| #include <stdio.h>
| #ifdef HAVE_SYS_TYPES_H
| # include <sys/types.h>
| #endif
| #ifdef HAVE_SYS_STAT_H
| # include <sys/stat.h>
| #endif
| #ifdef STDC_HEADERS
| # include <stdlib.h>
| # include <stddef.h>
| #else
| # ifdef HAVE_STDLIB_H
| #  include <stdlib.h>
| # endif
| #endif
| #ifdef HAVE_STRING_H
| # if !defined STDC_HEADERS && defined HAVE_MEMORY_H
| #  include <memory.h>
| # endif
| # include <string.h>
| #endif
| #ifdef HAVE_STRINGS_H
| # include <strings.h>
| #endif
| #ifdef HAVE_INTTYPES_H
| # include <inttypes.h>
| #endif
| #ifdef HAVE_STDINT_H
| # include <stdint.h>
| #endif
| #ifdef HAVE_UNISTD_H
| # include <unistd.h>
| #endif
| #include <readline/readline.h>
configure:13191: result: no
configure:13191: checking readline/readline.h presence
configure:13191: aarch64-linux-gnu-gcc -E  conftest.c
conftest.c:29:31: fatal error: readline/readline.h: No such file or directory
 #include <readline/readline.h>
                               ^
compilation terminated.
configure:13191: $? = 1
configure: failed program was:
| /* confdefs.h */
| #define PACKAGE_NAME "sqlite"
| #define PACKAGE_TARNAME "sqlite"
| #define PACKAGE_VERSION "3.31.1"
| #define PACKAGE_STRING "sqlite 3.31.1"
| #define PACKAGE_BUGREPORT "http://www.sqlite.org"
| #define PACKAGE_URL ""
| #define PACKAGE "sqlite"
| #define VERSION "3.31.1"
| #define STDC_HEADERS 1
| #define HAVE_SYS_TYPES_H 1
| #define HAVE_SYS_STAT_H 1
| #define HAVE_STDLIB_H 1
| #define HAVE_STRING_H 1
| #define HAVE_MEMORY_H 1
| #define HAVE_STRINGS_H 1
| #define HAVE_INTTYPES_H 1
| #define HAVE_STDINT_H 1
| #define HAVE_UNISTD_H 1
| #define HAVE_DLFCN_H 1
| #define LT_OBJDIR ".libs/"
| #define HAVE_FDATASYNC 1
| #define HAVE_USLEEP 1
| #define HAVE_LOCALTIME_R 1
| #define HAVE_GMTIME_R 1
| #define HAVE_DECL_STRERROR_R 1
| #define HAVE_STRERROR_R 1
| /* end confdefs.h.  */
| #include <readline/readline.h>
configure:13191: result: no
configure:13191: checking for readline/readline.h
configure:13191: result: no
configure:13340: checking for library containing pthread_create
configure:13371: aarch64-linux-gnu-gcc -o conftest -g -O2   conftest.c  >&5
/tmp/ccdwWckq.o: In function `main':
/home/src/sqlite-autoconf-3310100/conftest.c:40: undefined reference to `pthread_create'
collect2: error: ld returned 1 exit status
configure:13371: $? = 1
configure: failed program was:
| /* confdefs.h */
| #define PACKAGE_NAME "sqlite"
| #define PACKAGE_TARNAME "sqlite"
| #define PACKAGE_VERSION "3.31.1"
| #define PACKAGE_STRING "sqlite 3.31.1"
| #define PACKAGE_BUGREPORT "http://www.sqlite.org"
| #define PACKAGE_URL ""
| #define PACKAGE "sqlite"
| #define VERSION "3.31.1"
| #define STDC_HEADERS 1
| #define HAVE_SYS_TYPES_H 1
| #define HAVE_SYS_STAT_H 1
| #define HAVE_STDLIB_H 1
| #define HAVE_STRING_H 1
| #define HAVE_MEMORY_H 1
| #define HAVE_STRINGS_H 1
| #define HAVE_INTTYPES_H 1
| #define HAVE_STDINT_H 1
| #define HAVE_UNISTD_H 1
| #define HAVE_DLFCN_H 1
| #define LT_OBJDIR ".libs/"
| #define HAVE_FDATASYNC 1
| #define HAVE_USLEEP 1
| #define HAVE_LOCALTIME_R 1
| #define HAVE_GMTIME_R 1
| #define HAVE_DECL_STRERROR_R 1
| #define HAVE_STRERROR_R 1
| /* end confdefs.h.  */
| 
| /* Override any GCC internal prototype to avoid an error.
|    Use char because int might match the return type of a GCC
|    builtin and then its argument prototype would still apply.  */
| #ifdef __cplusplus
| extern "C"
| #endif
| char pthread_create ();
| int
| main ()
| {
| return pthread_create ();
|   ;
|   return 0;
| }
configure:13371: aarch64-linux-gnu-gcc -o conftest -g -O2   conftest.c -lpthread   >&5
configure:13371: $? = 0
configure:13388: result: -lpthread
configure:13396: checking for library containing pthread_mutexattr_init
configure:13427: aarch64-linux-gnu-gcc -o conftest -g -O2   conftest.c -lpthread  >&5
configure:13427: $? = 0
configure:13444: result: none required
configure:13466: checking for library containing dlopen
configure:13497: aarch64-linux-gnu-gcc -o conftest -g -O2   conftest.c -lpthread  >&5
/tmp/ccvqf5UN.o: In function `main':
/home/src/sqlite-autoconf-3310100/conftest.c:40: undefined reference to `dlopen'
collect2: error: ld returned 1 exit status
configure:13497: $? = 1
configure: failed program was:
| /* confdefs.h */
| #define PACKAGE_NAME "sqlite"
| #define PACKAGE_TARNAME "sqlite"
| #define PACKAGE_VERSION "3.31.1"
| #define PACKAGE_STRING "sqlite 3.31.1"
| #define PACKAGE_BUGREPORT "http://www.sqlite.org"
| #define PACKAGE_URL ""
| #define PACKAGE "sqlite"
| #define VERSION "3.31.1"
| #define STDC_HEADERS 1
| #define HAVE_SYS_TYPES_H 1
| #define HAVE_SYS_STAT_H 1
| #define HAVE_STDLIB_H 1
| #define HAVE_STRING_H 1
| #define HAVE_MEMORY_H 1
| #define HAVE_STRINGS_H 1
| #define HAVE_INTTYPES_H 1
| #define HAVE_STDINT_H 1
| #define HAVE_UNISTD_H 1
| #define HAVE_DLFCN_H 1
| #define LT_OBJDIR ".libs/"
| #define HAVE_FDATASYNC 1
| #define HAVE_USLEEP 1
| #define HAVE_LOCALTIME_R 1
| #define HAVE_GMTIME_R 1
| #define HAVE_DECL_STRERROR_R 1
| #define HAVE_STRERROR_R 1
| /* end confdefs.h.  */
| 
| /* Override any GCC internal prototype to avoid an error.
|    Use char because int might match the return type of a GCC
|    builtin and then its argument prototype would still apply.  */
| #ifdef __cplusplus
| extern "C"
| #endif
| char dlopen ();
| int
| main ()
| {
| return dlopen ();
|   ;
|   return 0;
| }
configure:13497: aarch64-linux-gnu-gcc -o conftest -g -O2   conftest.c -ldl  -lpthread  >&5
configure:13497: $? = 0
configure:13514: result: -ldl
configure:13525: checking for whether to support dynamic extensions
configure:13527: result: yes
configure:13570: checking for library containing log
configure:13601: aarch64-linux-gnu-gcc -o conftest -g -O2   conftest.c -ldl -lpthread  >&5
conftest.c:36:6: warning: conflicting types for built-in function 'log'
 char log ();
      ^~~
/tmp/ccJPZSA2.o: In function `main':
/home/src/sqlite-autoconf-3310100/conftest.c:40: undefined reference to `log'
collect2: error: ld returned 1 exit status
configure:13601: $? = 1
configure: failed program was:
| /* confdefs.h */
| #define PACKAGE_NAME "sqlite"
| #define PACKAGE_TARNAME "sqlite"
| #define PACKAGE_VERSION "3.31.1"
| #define PACKAGE_STRING "sqlite 3.31.1"
| #define PACKAGE_BUGREPORT "http://www.sqlite.org"
| #define PACKAGE_URL ""
| #define PACKAGE "sqlite"
| #define VERSION "3.31.1"
| #define STDC_HEADERS 1
| #define HAVE_SYS_TYPES_H 1
| #define HAVE_SYS_STAT_H 1
| #define HAVE_STDLIB_H 1
| #define HAVE_STRING_H 1
| #define HAVE_MEMORY_H 1
| #define HAVE_STRINGS_H 1
| #define HAVE_INTTYPES_H 1
| #define HAVE_STDINT_H 1
| #define HAVE_UNISTD_H 1
| #define HAVE_DLFCN_H 1
| #define LT_OBJDIR ".libs/"
| #define HAVE_FDATASYNC 1
| #define HAVE_USLEEP 1
| #define HAVE_LOCALTIME_R 1
| #define HAVE_GMTIME_R 1
| #define HAVE_DECL_STRERROR_R 1
| #define HAVE_STRERROR_R 1
| /* end confdefs.h.  */
| 
| /* Override any GCC internal prototype to avoid an error.
|    Use char because int might match the return type of a GCC
|    builtin and then its argument prototype would still apply.  */
| #ifdef __cplusplus
| extern "C"
| #endif
| char log ();
| int
| main ()
| {
| return log ();
|   ;
|   return 0;
| }
configure:13601: aarch64-linux-gnu-gcc -o conftest -g -O2   conftest.c -lm  -ldl -lpthread  >&5
conftest.c:36:6: warning: conflicting types for built-in function 'log'
 char log ();
      ^~~
configure:13601: $? = 0
configure:13618: result: -lm
configure:13707: checking for posix_fallocate
configure:13707: aarch64-linux-gnu-gcc -o conftest -g -O2   conftest.c -lm -ldl -lpthread  >&5
configure:13707: $? = 0
configure:13707: result: yes
configure:13718: checking zlib.h usability
configure:13718: aarch64-linux-gnu-gcc -c -g -O2  conftest.c >&5
configure:13718: $? = 0
configure:13718: result: yes
configure:13718: checking zlib.h presence
configure:13718: aarch64-linux-gnu-gcc -E  conftest.c
configure:13718: $? = 0
configure:13718: result: yes
configure:13718: checking for zlib.h
configure:13718: result: yes
configure:13724: checking for library containing deflate
configure:13755: aarch64-linux-gnu-gcc -o conftest -g -O2   conftest.c -lm -ldl -lpthread  >&5
/tmp/ccg59Vnu.o: In function `main':
/home/src/sqlite-autoconf-3310100/conftest.c:42: undefined reference to `deflate'
collect2: error: ld returned 1 exit status
configure:13755: $? = 1
configure: failed program was:
| /* confdefs.h */
| #define PACKAGE_NAME "sqlite"
| #define PACKAGE_TARNAME "sqlite"
| #define PACKAGE_VERSION "3.31.1"
| #define PACKAGE_STRING "sqlite 3.31.1"
| #define PACKAGE_BUGREPORT "http://www.sqlite.org"
| #define PACKAGE_URL ""
| #define PACKAGE "sqlite"
| #define VERSION "3.31.1"
| #define STDC_HEADERS 1
| #define HAVE_SYS_TYPES_H 1
| #define HAVE_SYS_STAT_H 1
| #define HAVE_STDLIB_H 1
| #define HAVE_STRING_H 1
| #define HAVE_MEMORY_H 1
| #define HAVE_STRINGS_H 1
| #define HAVE_INTTYPES_H 1
| #define HAVE_STDINT_H 1
| #define HAVE_UNISTD_H 1
| #define HAVE_DLFCN_H 1
| #define LT_OBJDIR ".libs/"
| #define HAVE_FDATASYNC 1
| #define HAVE_USLEEP 1
| #define HAVE_LOCALTIME_R 1
| #define HAVE_GMTIME_R 1
| #define HAVE_DECL_STRERROR_R 1
| #define HAVE_STRERROR_R 1
| #define HAVE_POSIX_FALLOCATE 1
| #define HAVE_ZLIB_H 1
| /* end confdefs.h.  */
| 
| /* Override any GCC internal prototype to avoid an error.
|    Use char because int might match the return type of a GCC
|    builtin and then its argument prototype would still apply.  */
| #ifdef __cplusplus
| extern "C"
| #endif
| char deflate ();
| int
| main ()
| {
| return deflate ();
|   ;
|   return 0;
| }
configure:13755: aarch64-linux-gnu-gcc -o conftest -g -O2   conftest.c -lz  -lm -ldl -lpthread  >&5
configure:13755: $? = 0
configure:13772: result: -lz
configure:13786: checking for library containing system
configure:13817: aarch64-linux-gnu-gcc -o conftest -g -O2   conftest.c -lz -lm -ldl -lpthread  >&5
configure:13817: $? = 0
configure:13834: result: none required
configure:14016: checking that generated files are newer than configure
configure:14022: result: done
configure:14049: creating ./config.status

## ---------------------- ##
## Running config.status. ##
## ---------------------- ##

This file was extended by sqlite config.status 3.31.1, which was
generated by GNU Autoconf 2.69.  Invocation command line was

  CONFIG_FILES    = 
  CONFIG_HEADERS  = 
  CONFIG_LINKS    = 
  CONFIG_COMMANDS = 
  $ ./config.status 

on e70750b74bb3

config.status:1014: creating Makefile
config.status:1014: creating sqlite3.pc
config.status:1186: executing depfiles commands
config.status:1186: executing libtool commands

## ---------------- ##
## Cache variables. ##
## ---------------- ##

ac_cv_build=aarch64-arm-linux-gnu
ac_cv_c_compiler_gnu=yes
ac_cv_env_CC_set=set
ac_cv_env_CC_value=aarch64-linux-gnu-gcc
ac_cv_env_CFLAGS_set=
ac_cv_env_CFLAGS_value=
ac_cv_env_CPPFLAGS_set=
ac_cv_env_CPPFLAGS_value=
ac_cv_env_CPP_set=
ac_cv_env_CPP_value=
ac_cv_env_LDFLAGS_set=
ac_cv_env_LDFLAGS_value=
ac_cv_env_LIBS_set=
ac_cv_env_LIBS_value=
ac_cv_env_LT_SYS_LIBRARY_PATH_set=
ac_cv_env_LT_SYS_LIBRARY_PATH_value=
ac_cv_env_build_alias_set=set
ac_cv_env_build_alias_value=aarch64-arm-linux-gnu
ac_cv_env_host_alias_set=set
ac_cv_env_host_alias_value=aarch64-linux
ac_cv_env_target_alias_set=
ac_cv_env_target_alias_value=
ac_cv_func_fdatasync=yes
ac_cv_func_fullfsync=no
ac_cv_func_gmtime_r=yes
ac_cv_func_localtime_r=yes
ac_cv_func_posix_fallocate=yes
ac_cv_func_strerror_r=yes
ac_cv_func_strerror_r_char_p=no
ac_cv_func_usleep=yes
ac_cv_have_decl_strerror_r=yes
ac_cv_header_dlfcn_h=yes
ac_cv_header_editline_readline_h=no
ac_cv_header_inttypes_h=yes
ac_cv_header_memory_h=yes
ac_cv_header_readline_readline_h=no
ac_cv_header_stdc=yes
ac_cv_header_stdint_h=yes
ac_cv_header_stdlib_h=yes
ac_cv_header_string_h=yes
ac_cv_header_strings_h=yes
ac_cv_header_sys_stat_h=yes
ac_cv_header_sys_types_h=yes
ac_cv_header_unistd_h=yes
ac_cv_header_zlib_h=yes
ac_cv_host=aarch64-unknown-linux-gnu
ac_cv_objext=o
ac_cv_path_EGREP='/bin/grep -E'
ac_cv_path_FGREP='/bin/grep -F'
ac_cv_path_GREP=/bin/grep
ac_cv_path_SED=/bin/sed
ac_cv_path_install='/usr/bin/install -c'
ac_cv_path_lt_DD=/bin/dd
ac_cv_path_mkdir=/bin/mkdir
ac_cv_prog_AR=aarch64-linux-ar
ac_cv_prog_AWK=mawk
ac_cv_prog_CC=aarch64-linux-gnu-gcc
ac_cv_prog_CPP='aarch64-linux-gnu-gcc -E'
ac_cv_prog_OBJDUMP=aarch64-linux-objdump
ac_cv_prog_RANLIB=aarch64-linux-ranlib
ac_cv_prog_STRIP=aarch64-linux-strip
ac_cv_prog_cc_c89=
ac_cv_prog_cc_g=yes
ac_cv_prog_make_make_set=no
ac_cv_search_deflate=-lz
ac_cv_search_dlopen=-ldl
ac_cv_search_log=-lm
ac_cv_search_pthread_create=-lpthread
ac_cv_search_pthread_mutexattr_init='none required'
ac_cv_search_system='none required'
ac_cv_sys_file_offset_bits=no
ac_cv_sys_largefile_CC=no
am_cv_CC_dependencies_compiler_type=none
am_cv_make_support_nested_variables=no
am_cv_prog_cc_c_o=yes
lt_cv_ar_at_file=@
lt_cv_archive_cmds_need_lc=no
lt_cv_deplibs_check_method=pass_all
lt_cv_file_magic_cmd='$MAGIC_CMD'
lt_cv_file_magic_test_file=
lt_cv_ld_reload_flag=-r
lt_cv_nm_interface='BSD nm'
lt_cv_objdir=.libs
lt_cv_path_LD=/opt/FriendlyARM/toolchain/6.4-aarch64/aarch64-cortexa53-linux-gnu/bin/ld
lt_cv_path_NM='/opt/FriendlyARM/toolchain/6.4-aarch64/bin/aarch64-linux-nm -B'
lt_cv_path_mainfest_tool=no
lt_cv_prog_compiler_c_o=yes
lt_cv_prog_compiler_pic='-fPIC -DPIC'
lt_cv_prog_compiler_pic_works=yes
lt_cv_prog_compiler_rtti_exceptions=no
lt_cv_prog_compiler_static_works=yes
lt_cv_prog_gnu_ld=yes
lt_cv_sharedlib_from_linklib_cmd='printf %s\n'
lt_cv_shlibpath_overrides_runpath=no
lt_cv_sys_global_symbol_pipe='sed -n -e '\''s/^.*[	 ]\([ABCDGIRSTW][ABCDGIRSTW]*\)[	 ][	 ]*\([_A-Za-z][_A-Za-z0-9]*\)$/\1 \2 \2/p'\'' | sed '\''/ __gnu_lto/d'\'''
lt_cv_sys_global_symbol_to_c_name_address='sed -n -e '\''s/^: \(.*\) .*$/  {"\1", (void *) 0},/p'\'' -e '\''s/^[ABCDGIRSTW][ABCDGIRSTW]* .* \(.*\)$/  {"\1", (void *) \&\1},/p'\'''
lt_cv_sys_global_symbol_to_c_name_address_lib_prefix='sed -n -e '\''s/^: \(.*\) .*$/  {"\1", (void *) 0},/p'\'' -e '\''s/^[ABCDGIRSTW][ABCDGIRSTW]* .* \(lib.*\)$/  {"\1", (void *) \&\1},/p'\'' -e '\''s/^[ABCDGIRSTW][ABCDGIRSTW]* .* \(.*\)$/  {"lib\1", (void *) \&\1},/p'\'''
lt_cv_sys_global_symbol_to_cdecl='sed -n -e '\''s/^T .* \(.*\)$/extern int \1();/p'\'' -e '\''s/^[ABCDGIRSTW][ABCDGIRSTW]* .* \(.*\)$/extern char \1;/p'\'''
lt_cv_sys_global_symbol_to_import=
lt_cv_sys_max_cmd_len=1572864
lt_cv_to_host_file_cmd=func_convert_file_noop
lt_cv_to_tool_file_cmd=func_convert_file_noop
lt_cv_truncate_bin='/bin/dd bs=4096 count=1'

## ----------------- ##
## Output variables. ##
## ----------------- ##

ACLOCAL='${SHELL} /home/src/sqlite-autoconf-3310100/missing aclocal-1.15'
AMDEPBACKSLASH='\'
AMDEP_FALSE='#'
AMDEP_TRUE=''
AMTAR='$${TAR-tar}'
AM_BACKSLASH='\'
AM_DEFAULT_V='1'
AM_DEFAULT_VERBOSITY='1'
AM_V='1'
AR='aarch64-linux-ar'
AUTOCONF='${SHELL} /home/src/sqlite-autoconf-3310100/missing autoconf'
AUTOHEADER='${SHELL} /home/src/sqlite-autoconf-3310100/missing autoheader'
AUTOMAKE='${SHELL} /home/src/sqlite-autoconf-3310100/missing automake-1.15'
AWK='mawk'
BUILD_CFLAGS=' -D_REENTRANT=1 -DSQLITE_THREADSAFE=1 -DSQLITE_ENABLE_FTS4 -DSQLITE_ENABLE_FTS5 -DSQLITE_ENABLE_JSON1 -DSQLITE_ENABLE_RTREE -DSQLITE_ENABLE_GEOPOLY -DSQLITE_HAVE_ZLIB'
CC='aarch64-linux-gnu-gcc'
CCDEPMODE='depmode=none'
CFLAGS='-g -O2'
CPP='aarch64-linux-gnu-gcc -E'
CPPFLAGS=''
CYGPATH_W='echo'
DEFS='-DPACKAGE_NAME=\"sqlite\" -DPACKAGE_TARNAME=\"sqlite\" -DPACKAGE_VERSION=\"3.31.1\" -DPACKAGE_STRING=\"sqlite\ 3.31.1\" -DPACKAGE_BUGREPORT=\"http://www.sqlite.org\" -DPACKAGE_URL=\"\" -DPACKAGE=\"sqlite\" -DVERSION=\"3.31.1\" -DSTDC_HEADERS=1 -DHAVE_SYS_TYPES_H=1 -DHAVE_SYS_STAT_H=1 -DHAVE_STDLIB_H=1 -DHAVE_STRING_H=1 -DHAVE_MEMORY_H=1 -DHAVE_STRINGS_H=1 -DHAVE_INTTYPES_H=1 -DHAVE_STDINT_H=1 -DHAVE_UNISTD_H=1 -DHAVE_DLFCN_H=1 -DLT_OBJDIR=\".libs/\" -DHAVE_FDATASYNC=1 -DHAVE_USLEEP=1 -DHAVE_LOCALTIME_R=1 -DHAVE_GMTIME_R=1 -DHAVE_DECL_STRERROR_R=1 -DHAVE_STRERROR_R=1 -DHAVE_POSIX_FALLOCATE=1 -DHAVE_ZLIB_H=1'
DEPDIR='.deps'
DLLTOOL='false'
DSYMUTIL=''
DUMPBIN=''
ECHO_C=''
ECHO_N='-n'
ECHO_T=''
EGREP='/bin/grep -E'
EXEEXT=''
EXTRA_SHELL_OBJ='sqlite3-sqlite3.o'
FGREP='/bin/grep -F'
GREP='/bin/grep'
INSTALL_DATA='${INSTALL} -m 644'
INSTALL_PROGRAM='${INSTALL}'
INSTALL_SCRIPT='${INSTALL}'
INSTALL_STRIP_PROGRAM='$(install_sh) -c -s'
LD='/opt/FriendlyARM/toolchain/6.4-aarch64/aarch64-cortexa53-linux-gnu/bin/ld'
LDFLAGS=''
LIBOBJS=''
LIBS='-lz -lm -ldl -lpthread '
LIBTOOL='$(SHELL) $(top_builddir)/libtool'
LIPO=''
LN_S='ln -s'
LTLIBOBJS=''
LT_SYS_LIBRARY_PATH=''
MAKEINFO='${SHELL} /home/src/sqlite-autoconf-3310100/missing makeinfo'
MANIFEST_TOOL=':'
MKDIR_P='/bin/mkdir -p'
NM='/opt/FriendlyARM/toolchain/6.4-aarch64/bin/aarch64-linux-nm -B'
NMEDIT=''
OBJDUMP='aarch64-linux-objdump'
OBJEXT='o'
OTOOL64=''
OTOOL=''
PACKAGE='sqlite'
PACKAGE_BUGREPORT='http://www.sqlite.org'
PACKAGE_NAME='sqlite'
PACKAGE_STRING='sqlite 3.31.1'
PACKAGE_TARNAME='sqlite'
PACKAGE_URL=''
PACKAGE_VERSION='3.31.1'
PATH_SEPARATOR=':'
RANLIB='aarch64-linux-ranlib'
READLINE_LIBS=''
SED='/bin/sed'
SET_MAKE='MAKE=make'
SHELL='/bin/bash'
SHELL_CFLAGS=''
STRIP='aarch64-linux-strip'
VERSION='3.31.1'
ac_ct_AR=''
ac_ct_CC=''
ac_ct_DUMPBIN=''
am__EXEEXT_FALSE=''
am__EXEEXT_TRUE='#'
am__fastdepCC_FALSE=''
am__fastdepCC_TRUE='#'
am__include='#'
am__isrc=''
am__leading_dot='.'
am__nodep='_no'
am__quote=''
am__tar='$${TAR-tar} chof - "$$tardir"'
am__untar='$${TAR-tar} xf -'
bindir='${exec_prefix}/bin'
build='aarch64-arm-linux-gnu'
build_alias='aarch64-arm-linux-gnu'
build_cpu='aarch64'
build_os='linux-gnu'
build_vendor='arm'
datadir='${datarootdir}'
datarootdir='${prefix}/share'
docdir='${datarootdir}/doc/${PACKAGE_TARNAME}'
dvidir='${docdir}'
exec_prefix='${prefix}'
host='aarch64-unknown-linux-gnu'
host_alias='aarch64-linux'
host_cpu='aarch64'
host_os='linux-gnu'
host_vendor='unknown'
htmldir='${docdir}'
includedir='${prefix}/include'
infodir='${datarootdir}/info'
install_sh='${SHELL} /home/src/sqlite-autoconf-3310100/install-sh'
libdir='${exec_prefix}/lib'
libexecdir='${exec_prefix}/libexec'
localedir='${datarootdir}/locale'
localstatedir='${prefix}/var'
mandir='${datarootdir}/man'
mkdir_p='$(MKDIR_P)'
oldincludedir='/usr/include'
pdfdir='${docdir}'
prefix='/opt/cross-env/sqlite3'
program_transform_name='s,x,x,'
psdir='${docdir}'
runstatedir='${localstatedir}/run'
sbindir='${exec_prefix}/sbin'
sharedstatedir='${prefix}/com'
sysconfdir='${prefix}/etc'
target_alias=''

## ----------- ##
## confdefs.h. ##
## ----------- ##

/* confdefs.h */
#define PACKAGE_NAME "sqlite"
#define PACKAGE_TARNAME "sqlite"
#define PACKAGE_VERSION "3.31.1"
#define PACKAGE_STRING "sqlite 3.31.1"
#define PACKAGE_BUGREPORT "http://www.sqlite.org"
#define PACKAGE_URL ""
#define PACKAGE "sqlite"
#define VERSION "3.31.1"
#define STDC_HEADERS 1
#define HAVE_SYS_TYPES_H 1
#define HAVE_SYS_STAT_H 1
#define HAVE_STDLIB_H 1
#define HAVE_STRING_H 1
#define HAVE_MEMORY_H 1
#define HAVE_STRINGS_H 1
#define HAVE_INTTYPES_H 1
#define HAVE_STDINT_H 1
#define HAVE_UNISTD_H 1
#define HAVE_DLFCN_H 1
#define LT_OBJDIR ".libs/"
#define HAVE_FDATASYNC 1
#define HAVE_USLEEP 1
#define HAVE_LOCALTIME_R 1
#define HAVE_GMTIME_R 1
#define HAVE_DECL_STRERROR_R 1
#define HAVE_STRERROR_R 1
#define HAVE_POSIX_FALLOCATE 1
#define HAVE_ZLIB_H 1

configure: exit 0
